Building DAG of jobs...
Using shell: /bin/bash
Provided cores: 1
Rules claiming more threads will be scaled down.
Job counts:
	count	jobs
	1	compareBGZ
	1	compareVCF
	2

[Wed Jun 12 09:48:43 2019]
rule compareBGZ:
    input: compare/bgz/gnomad.exomes.r2.1.1.sites.Y.vcf.bgz
    output: compare/vcf/gnomad.exomes.r2.1.1.sites.Y.vcf
    jobid: 1
    wildcards: name=gnomad.exomes.r2.1.1.sites, number=Y

[Wed Jun 12 09:48:44 2019]
Finished job 1.
1 of 2 steps (50%) done

[Wed Jun 12 09:48:44 2019]
rule compareVCF:
    input: compare/vcf/gnomad.exomes.r2.1.1.sites.Y.vcf
    output: compare/jsonInput/gnomad.exomes.r2.1.1.sites.Y.json
    jobid: 0
    wildcards: name=gnomad.exomes.r2.1.1.sites, number=Y

[Wed Jun 12 09:48:46 2019]
Finished job 0.
2 of 2 steps (100%) done
Complete log: /home/sebastiaan/Documents/blok 11/HAMMER/really/HAMMER-HArMless-MutagEn-Removal-/SnakeMake/.snakemake/log/2019-06-12T094843.583623.snakemake.log
